<?xml version="1.0" encoding="UTF-8"?>
<!-- Generated by org.testng.reporters.JUnitReportReporter -->
<testsuite hostname="Rv-Prasad" failures="0" tests="1" name="pack1.Salesforce" time="8.305" errors="0" timestamp="2020-08-22T11:42:29 IST" skipped="0">
  <testcase classname="pack1.Salesforce" name="fop" time="8.305"/>
  <system-out/>
</testsuite> <!-- pack1.Salesforce -->
