<?xml version="1.0" encoding="UTF-8"?>
<!-- Generated by org.testng.reporters.JUnitReportReporter -->
<testsuite hostname="Rv-Prasad" failures="0" tests="4" name="pack1.Dropdowsdyanamic" time="3.447" errors="0" timestamp="2020-08-29T13:05:09 IST" skipped="3">
  <testcase classname="pack1.Dropdowsdyanamic" name="Testcase003" time="3.447"/>
  <system-out/>
  <testcase classname="pack1.Dropdowsdyanamic" name="TestCase002">
    <skipped/>
  </testcase> <!-- TestCase002 -->
  <system-out/>
  <testcase classname="pack1.Dropdowsdyanamic" name="TestCase001">
    <skipped/>
  </testcase> <!-- TestCase001 -->
  <system-out/>
  <testcase classname="pack1.Dropdowsdyanamic" name="Testcase004">
    <skipped/>
  </testcase> <!-- Testcase004 -->
  <system-out/>
</testsuite> <!-- pack1.Dropdowsdyanamic -->
