<?xml version="1.0" encoding="UTF-8"?>
<!-- Generated by org.testng.reporters.JUnitReportReporter -->
<testsuite hostname="Rv-Prasad" failures="0" tests="1" name="pack3.FailTcsrc$CaptureScreenshot" time="27.615" errors="0" timestamp="2020-09-05T10:14:58 IST" skipped="0">
  <testcase classname="pack3.FailTcsrc$CaptureScreenshot" name="captureScreenMethod" time="27.615"/>
  <system-out/>
</testsuite> <!-- pack3.FailTcsrc$CaptureScreenshot -->
